Lines that contain the phrase 'Lord' from the book of Luke version American Standard
===========================================
1:6 And they were both righteous before God, walking in all the commandments and ordinances of the Lord 
1:9 according to the custom of the priest's office, his lot was to enter into the temple of the Lord and burn incense. 
1:11 And there appeared unto him an angel of the Lord standing on the right side of altar of incense. 
1:15 For he shall be great in the sight of the Lord, and he shall drink no wine nor strong drink; and 
1:16 And many of the children of Israel shall be turn unto the Lord their God. 
1:25 Thus hath the Lord done unto me in the days wherein he looked upon me, to take away my 
1:28 And he came in unto her, and said, Hail, thou that art highly favored, the Lord is with thee. 
1:32 He shall be great, and shall be called the Son of the Most High: and the Lord God shall give unto him the throne of his 
1:38 And Mary said, Behold, the handmaid of the Lord; be it unto me according to thy word. And the angel departed from her. 
1:43 And whence is this to me, that the mother of my Lord should come unto me? 
1:58 And her neighbors and her kinsfolk heard that the Lord had magnified his mercy towards her; and 
1:68 Blessed be the Lord, the God of Israel; 
2:9 And an angel of the Lord stood by them, and the glory of the Lord shone round about them: and they were sore afraid. 
2:11 for there is born to you this day in the city of David a Saviour, who is Christ the Lord. 
2:23 (as it is written in the law of the Lord, Every male that openeth the womb shall be called holy to the Lord), 
2:24 and to offer a sacrifice according to that which is said in the law of the Lord, A pair of turtledoves, or two young 
2:26 And it had been revealed unto him by the Holy Spirit, that he should not see death, before he had seen the Lord's 
2:29 Now lettest thou thy servant depart, Lord, 
2:39 And when they had accomplished all things that were according to the law of the Lord, they returned into Galilee, 
4:8 And Jesus answered and said unto him, It is written, Thou shalt worship the Lord thy God, and him only shalt thou serve. 
4:12 And Jesus answering said unto him, It is said, Thou shalt not make trial of the Lord thy God. 
4:19 To proclaim the acceptable year of the Lord. 
5:8 But Simon Peter, when he saw it, fell down at Jesus' knees, saying, Depart from me; for I am a sinful man, O Lord. 
6:46 And why call ye me, Lord, Lord, and do not the things which I say? 
7:13 And when the Lord saw her, he had compassion on her, and said unto her, Weep not. 
7:19 And John calling unto him two of his disciples sent them to the Lord, saying, Art thou he that cometh, or look we for 
9:54 And when his disciples James and John saw this, they said, Lord, wilt thou that we bid 
9:59 And he said unto another, Follow me. But he said, Lord, suffer me first to go and bury my father. 
9:61 And another also said, I will follow thee, Lord; but first suffer me to bid farewell to them that are at my house. 
10:1 Now after these things the Lord appointed seventy others, and sent them two and two before his face into every 
10:17 And the seventy returned with joy, saying, Lord, even the demons are subject unto us in thy name. 
10:21 In that same hour he rejoiced in the Holy Spirit, and said, I thank thee, O Father, Lord of heaven and earth, that 
10:27 And he answering said, Thou shalt love the Lord thy God with all thy heart, and with all thy soul, and with all thy 
10:39 And she had a sister called Mary, who also sat at the Lord's feet, and heard his word. 
10:40 But Martha was cumbered about much serving; and she came up to him, and said, Lord, dost thou 
10:41 But the Lord answered and said unto her, Martha, Martha, thou art anxious and troubled about many things: 
11:39 And the Lord said unto him, Now ye the Pharisees cleanse the outside of the cup and of the platter; but your inward 
12:41 And Peter said, Lord, speakest thou this parable unto us, or even unto all? 
12:42 And the Lord said, Who then is the faithful and wise steward, whom his lord shall set over his 
13:8 And he answering saith unto him, Lord, let it alone this year also, till I shall dig about it, 
13:15 But the Lord answered him, and said, Ye hypocrites, doth not each one of you on the sabbath loose his ox or his ass 
13:23 And one said unto him, Lord, are they few that are saved? And he said unto them, 
14:22 And the servant said, Lord, what thou didst command is done, and yet there is room. 
17:5 And the apostles said unto the Lord, Increase our faith. 
17:6 And the Lord said, If ye had faith as a grain of mustard seed, ye would say unto this sycamine tree, Be thou rooted up, 
17:37 And they answering say unto him, Where, Lord? And he said unto them, Where the body is, thither will the 
18:6 And the Lord said, Hear what the unrighteous judge saith. 
18:41 What wilt thou that I should do unto thee? And he said, Lord, that I may receive my sight. 
19:8 And Zacchaeus stood, and said unto the Lord, Behold, Lord, the half of my goods I give to the poor; and if I have 
19:16 And the first came before him, saying, Lord, thy pound hath made ten pounds more. 
19:18 And the second came, saying, Thy pound, Lord, hath made five pounds. 
19:20 And another came, saying, Lord, behold, here is thy pound, which I kept laid up in a 
19:25 And they said unto him, Lord, he hath ten pounds. 
19:31 And if any one ask you, Why do ye loose him? thus shall ye say, The Lord hath need of him. 
19:34 And they said, The Lord hath need of him. 
19:38 saying, Blessed is the King that cometh in the name of the Lord: peace in heaven, and glory in the highest. 
20:37 But that the dead are raised, even Moses showed, in the place concerning the Bush, when he calleth the Lord 
20:44 David therefore calleth him Lord, and how is he his son? 
22:33 And he said unto him, Lord, with thee I am ready to go both to prison and to death. 
22:38 And they said, Lord, behold, here are two swords. And he said unto them, It is enough. 
22:49 And when they that were about him saw what would follow, they said, Lord, shall we smite with the 
22:61 And the Lord turned, and looked upon Peter. And Peter remembered the word of the Lord, how that he said unto him, 
24:3 And they entered in, and found not the body of the Lord Jesus. 
24:34 saying, The Lord is risen indeed, and hath appeared to Simon. 

Lines that contain the phrase 'But when she saw him' from the book of Luke version World English
===========================================
1:29 But when she saw him, she was greatly troubled at the saying, and considered what kind of salutation this might be.
