==38859== Memcheck, a memory error detector
==38859== Copyright (C) 2002-2017, and GNU GPL'd, by Julian Seward et al.
==38859== Using Valgrind-3.17.0 and LibVEX; rerun with -h for copyright info
==38859== Command: ./spies
==38859== Parent PID: 33683
==38859== 
==38859== 
==38859== HEAP SUMMARY:
==38859==     in use at exit: 16 bytes in 1 blocks
==38859==   total heap usage: 13 allocs, 12 frees, 2,293 bytes allocated
==38859== 
==38859== 16 bytes in 1 blocks are definitely lost in loss record 1 of 1
==38859==    at 0x4A32FB5: malloc (vg_replace_malloc.c:380)
==38859==    by 0x4CDADB9: strdup (strdup.c:42)
==38859==    by 0x1091FB: create (in /home/onyx/scripts/spies/spies)
==38859==    by 0x1092D8: main (in /home/onyx/scripts/spies/spies)
==38859== 
==38859== LEAK SUMMARY:
==38859==    definitely lost: 16 bytes in 1 blocks
==38859==    indirectly lost: 0 bytes in 0 blocks
==38859==      possibly lost: 0 bytes in 0 blocks
==38859==    still reachable: 0 bytes in 0 blocks
==38859==         suppressed: 0 bytes in 0 blocks
==38859== 
==38859== For lists of detected and suppressed errors, rerun with: -s
==38859== ERROR SUMMARY: 1 errors from 1 contexts (suppressed: 0 from 0)
